<?xml version="1.0" encoding="UTF-8"?>
<!-- Generated by org.testng.reporters.JUnitXMLReporter -->
<testsuite hostname="BR902-MJ057AJ0" ignored="0" name="Corillian Log In With Valid Credentials Using Chrome Test Case" tests="2" failures="2" timestamp="2019-10-04T14:16:34 EDT" time="29.361" errors="0">
  <testcase name="ValidUsernameChromeLogIn" time="9.353" classname="logIn.ValidCredentials">
    <failure type="java.lang.AssertionError" message="The following asserts failed:
	expected [Accounts] but found [Log In]">
      <![CDATA[java.lang.AssertionError: The following asserts failed:
expected [Accounts] but found [Log In]
at logIn.ValidCredentials.ValidUsernameChromeLogIn(ValidCredentials.java:115)
at java.util.ArrayList.forEach(Unknown Source)
... Removed 30 stack frames]]>
    </failure>
  </testcase> <!-- ValidUsernameChromeLogIn -->
  <testcase name="ValidUsernameFirefoxLogIn" time="11.959" classname="logIn.ValidCredentials">
    <failure type="java.lang.AssertionError" message="The following asserts failed:
	expected [Accounts] but found [Log In],
	expected [Accounts] but found [Log In]">
      <![CDATA[java.lang.AssertionError: The following asserts failed:
expected [Accounts] but found [Log In],
expected [Accounts] but found [Log In]
at logIn.ValidCredentials.ValidUsernameFirefoxLogIn(ValidCredentials.java:155)
at java.util.ArrayList.forEach(Unknown Source)
... Removed 30 stack frames]]>
    </failure>
  </testcase> <!-- ValidUsernameFirefoxLogIn -->
</testsuite> <!-- Corillian Log In With Valid Credentials Using Chrome Test Case -->
